<?xml version="1.0" encoding="UTF-8"?>
<!-- Generated by org.testng.reporters.JUnitReportReporter -->
<testsuite hostname="DESKTOP-TR185PD" failures="0" tests="1" name="com.vtiger.comcast.contacttest.CreateContactsTest" time="22.426" errors="0" timestamp="2022-02-01T15:34:15 IST" skipped="0">
  <testcase classname="com.vtiger.comcast.contacttest.CreateContactsTest" name="createContact" time="22.426"/>
  <system-out>
    <![CDATA[anand317==>Contact is created successfull ==>pass]]>
  </system-out>
</testsuite> <!-- com.vtiger.comcast.contacttest.CreateContactsTest -->
