<?xml version="1.0" encoding="UTF-8"?>
<!-- Generated by org.testng.reporters.JUnitReportReporter -->
<testsuite hostname="DESKTOP-TR185PD" failures="0" tests="1" name="com.vtiger.comcast.organizationtest.CreateOrganizationTest" time="22.340" errors="0" timestamp="2022-02-01T15:21:13 IST" skipped="0">
  <testcase classname="com.vtiger.comcast.organizationtest.CreateOrganizationTest" name="createOrgTest" time="22.340"/>
  <system-out/>
</testsuite> <!-- com.vtiger.comcast.organizationtest.CreateOrganizationTest -->
